<?xml version="1.0" encoding="UTF-8"?>
<testng-results ignored="0" total="1" passed="1" failed="0" skipped="0">
  <reporter-output>
  </reporter-output>
  <suite started-at="2024-03-28T10:50:31 IST" name="Default suite" finished-at="2024-03-28T10:50:56 IST" duration-ms="25256">
    <groups>
    </groups>
    <test started-at="2024-03-28T10:50:31 IST" name="Default test" finished-at="2024-03-28T10:50:56 IST" duration-ms="25256">
      <class name="ExtentReports.extentReport">
        <test-method is-config="true" signature="beforeTest()[pri:0, instance:ExtentReports.extentReport@4218d6a3]" started-at="2024-03-28T10:50:31 IST" name="beforeTest" finished-at="2024-03-28T10:50:32 IST" duration-ms="584" status="PASS">
          <reporter-output>
          </reporter-output>
        </test-method> <!-- beforeTest -->
        <test-method signature="login()[pri:0, instance:ExtentReports.extentReport@4218d6a3]" started-at="2024-03-28T10:50:32 IST" name="login" finished-at="2024-03-28T10:50:55 IST" duration-ms="22915" status="PASS">
          <reporter-output>
          </reporter-output>
        </test-method> <!-- login -->
        <test-method is-config="true" signature="afterTest()[pri:0, instance:ExtentReports.extentReport@4218d6a3]" started-at="2024-03-28T10:50:55 IST" name="afterTest" finished-at="2024-03-28T10:50:56 IST" duration-ms="1648" status="PASS">
          <reporter-output>
          </reporter-output>
        </test-method> <!-- afterTest -->
      </class> <!-- ExtentReports.extentReport -->
    </test> <!-- Default test -->
  </suite> <!-- Default suite -->
</testng-results>
