<?xml version="1.0" encoding="UTF-8"?>
<testng-results ignored="0" total="4" passed="4" failed="0" skipped="0">
  <reporter-output>
  </reporter-output>
  <suite started-at="2024-03-02T18:26:34 IST" name="Default suite" finished-at="2024-03-02T18:26:35 IST" duration-ms="1602">
    <groups>
    </groups>
    <test started-at="2024-03-02T18:26:34 IST" name="Default test" finished-at="2024-03-02T18:26:35 IST" duration-ms="1602">
      <class name="DataDrivenTesting.dataDriven">
        <test-method signature="testDataDriven(java.lang.String,java.lang.String,java.lang.String,java.lang.String,java.lang.String)[pri:0, instance:DataDrivenTesting.dataDriven@6aeb35e6]" started-at="2024-03-02T18:26:35 IST" name="testDataDriven" data-provider="getExcelData" finished-at="2024-03-02T18:26:35 IST" duration-ms="35" status="PASS">
          <params>
            <param index="0">
              <value>
                <![CDATA[Register]]>
              </value>
            </param>
            <param index="1">
              <value>
                <![CDATA[UserName]]>
              </value>
            </param>
            <param index="2">
              <value>
                <![CDATA[MailId]]>
              </value>
            </param>
            <param index="3">
              <value>
                <![CDATA[Password]]>
              </value>
            </param>
            <param index="4">
              <value>
                <![CDATA[1234]]>
              </value>
            </param>
          </params>
          <reporter-output>
          </reporter-output>
        </test-method> <!-- testDataDriven -->
        <test-method signature="testDataDriven(java.lang.String,java.lang.String,java.lang.String,java.lang.String,java.lang.String)[pri:0, instance:DataDrivenTesting.dataDriven@6aeb35e6]" started-at="2024-03-02T18:26:35 IST" name="testDataDriven" data-provider="getExcelData" finished-at="2024-03-02T18:26:35 IST" duration-ms="3" status="PASS">
          <params>
            <param index="0">
              <value>
                <![CDATA[Login]]>
              </value>
            </param>
            <param index="1">
              <value>
                <![CDATA[MailId]]>
              </value>
            </param>
            <param index="2">
              <value>
                <![CDATA[Password]]>
              </value>
            </param>
            <param index="3">
              <value>
                <![CDATA[LoginClick]]>
              </value>
            </param>
            <param index="4">
              <value>
                <![CDATA[1234]]>
              </value>
            </param>
          </params>
          <reporter-output>
          </reporter-output>
        </test-method> <!-- testDataDriven -->
        <test-method signature="testDataDriven(java.lang.String,java.lang.String,java.lang.String,java.lang.String,java.lang.String)[pri:0, instance:DataDrivenTesting.dataDriven@6aeb35e6]" started-at="2024-03-02T18:26:35 IST" name="testDataDriven" data-provider="getExcelData" finished-at="2024-03-02T18:26:35 IST" duration-ms="3" status="PASS">
          <params>
            <param index="0">
              <value>
                <![CDATA[CartAdd]]>
              </value>
            </param>
            <param index="1">
              <value>
                <![CDATA[Zara]]>
              </value>
            </param>
            <param index="2">
              <value>
                <![CDATA[Addidas]]>
              </value>
            </param>
            <param index="3">
              <value>
                <![CDATA[MacBook]]>
              </value>
            </param>
            <param index="4">
              <value>
                <![CDATA[5678]]>
              </value>
            </param>
          </params>
          <reporter-output>
          </reporter-output>
        </test-method> <!-- testDataDriven -->
        <test-method signature="testDataDriven(java.lang.String,java.lang.String,java.lang.String,java.lang.String,java.lang.String)[pri:0, instance:DataDrivenTesting.dataDriven@6aeb35e6]" started-at="2024-03-02T18:26:35 IST" name="testDataDriven" data-provider="getExcelData" finished-at="2024-03-02T18:26:35 IST" duration-ms="3" status="PASS">
          <params>
            <param index="0">
              <value>
                <![CDATA[Purchase]]>
              </value>
            </param>
            <param index="1">
              <value>
                <![CDATA[UPI]]>
              </value>
            </param>
            <param index="2">
              <value>
                <![CDATA[Cards]]>
              </value>
            </param>
            <param index="3">
              <value>
                <![CDATA[COD]]>
              </value>
            </param>
            <param index="4">
              <value>
                <![CDATA[7890]]>
              </value>
            </param>
          </params>
          <reporter-output>
          </reporter-output>
        </test-method> <!-- testDataDriven -->
      </class> <!-- DataDrivenTesting.dataDriven -->
    </test> <!-- Default test -->
  </suite> <!-- Default suite -->
</testng-results>
