<?xml version="1.0" encoding="UTF-8"?>
<!-- Generated by org.testng.reporters.JUnitXMLReporter -->
<testsuite ignored="0" hostname="DESKTOP-2G0J7G7" failures="0" tests="4" name="Default test" time="1.602" errors="0" timestamp="2024-03-02T18:26:35 IST">
  <testcase classname="DataDrivenTesting.dataDriven" name="testDataDriven" time="0.035"/>
  <testcase classname="DataDrivenTesting.dataDriven" name="testDataDriven" time="0.003"/>
  <testcase classname="DataDrivenTesting.dataDriven" name="testDataDriven" time="0.003"/>
  <testcase classname="DataDrivenTesting.dataDriven" name="testDataDriven" time="0.003"/>
</testsuite> <!-- Default test -->
